====# Jun 19, 2018 12:43:46 pm #====
this is just amazing
====# Jun 19, 2018 12:43:52 pm #====
this is just amazing
====# Jun 19, 2018 12:44:26 pm #====
Array
(
    [0] => car
    [1] => sex
    [2] => death
)

====# Jun 19, 2018 12:46:22 pm #====
Array
(
    [0] => car
    [1] => sex
    [2] => death
)

====# Jun 19, 2018 12:52:24 pm #====
Exception Object
(
    [message:protected] => Error Processing Request
    [string:Exception:private] => 
    [code:protected] => 1
    [file:protected] => /srv/http/default/LexiPHP/index.php
    [line:protected] => 42
    [trace:Exception:private] => Array
        (
        )

    [previous:Exception:private] => 
)

====# Jun 19, 2018 12:52:35 pm #====
Exception Object
(
    [message:protected] => Error Processing Request
    [string:Exception:private] => 
    [code:protected] => 1
    [file:protected] => /srv/http/default/LexiPHP/index.php
    [line:protected] => 42
    [trace:Exception:private] => Array
        (
        )

    [previous:Exception:private] => 
)

====# Jun 19, 2018 01:00:36 pm #====
Exception Object
(
    [message:protected] => Error Processing Request
    [string:Exception:private] => 
    [code:protected] => 1
    [file:protected] => /srv/http/default/LexiPHP/index.php
    [line:protected] => 42
    [trace:Exception:private] => Array
        (
        )

    [previous:Exception:private] => 
)

====# Jun 19, 2018 01:10:13 pm #====
Exception Object
(
    [message:protected] => Error Processing Request
    [string:Exception:private] => 
    [code:protected] => 1
    [file:protected] => /srv/http/default/LexiPHP/index.php
    [line:protected] => 42
    [trace:Exception:private] => Array
        (
        )

    [previous:Exception:private] => 
)

====# Jun 19, 2018 02:32:42 pm #====
Exception Object
(
    [message:protected] => Error Processing Request
    [string:Exception:private] => 
    [code:protected] => 1
    [file:protected] => /srv/http/default/LexiPHP/index.php
    [line:protected] => 42
    [trace:Exception:private] => Array
        (
        )

    [previous:Exception:private] => 
)

====# Jun 19, 2018 02:35:15 pm #====
Exception Object
(
    [message:protected] => Error Processing Request
    [string:Exception:private] => 
    [code:protected] => 1
    [file:protected] => /srv/http/default/LexiPHP/index.php
    [line:protected] => 42
    [trace:Exception:private] => Array
        (
        )

    [previous:Exception:private] => 
)

