====# Jun 10, 2018 03:08:25 pm #====

====# Jun 10, 2018 03:08:25 pm #====

====# Jun 10, 2018 03:08:25 pm #====

====# Jun 10, 2018 03:08:25 pm #====

====# Jun 10, 2018 04:37:52 pm #====
/opt/lampp/htdocs/LexiPHP/skin/client/default/mdb/img/lock.jpg
====# Jun 10, 2018 04:37:52 pm #====
/opt/lampp/htdocs/LexiPHP/skin/base/default/mdb/img/lock.jpg
====# Jun 10, 2018 04:40:09 pm #====
/opt/lampp/htdocs/LexiPHP/skin/client/mdb/img/lock.jpg
====# Jun 10, 2018 04:40:09 pm #====
/opt/lampp/htdocs/LexiPHP/skin/base/mdb/img/lock.jpg
====# Jun 10, 2018 04:40:11 pm #====
/opt/lampp/htdocs/LexiPHP/skin/client/mdb/img/lock.jpg
====# Jun 10, 2018 04:40:11 pm #====
/opt/lampp/htdocs/LexiPHP/skin/base/mdb/img/lock.jpg
====# Jun 10, 2018 04:40:12 pm #====
/opt/lampp/htdocs/LexiPHP/skin/client/mdb/img/lock.jpg
====# Jun 10, 2018 04:40:12 pm #====
/opt/lampp/htdocs/LexiPHP/skin/base/mdb/img/lock.jpg
====# Jun 10, 2018 04:40:31 pm #====
/opt/lampp/htdocs/LexiPHP/skin/client/mdb/img/lock.jpg
====# Jun 10, 2018 04:40:31 pm #====
/opt/lampp/htdocs/LexiPHP/skin/base/mdb/img/lock.jpg
====# Jun 10, 2018 04:48:42 pm #====
/opt/lampp/htdocs/LexiPHP/skin/client/mdb/img/lock.jpg
====# Jun 10, 2018 04:48:42 pm #====
/opt/lampp/htdocs/LexiPHP/skin/base/mdb/img/lock.jpg
